.ui-input-text
.ui-module-title .title
.login .accountInfo
.accountInfo .item .exp
.accountInfo .item .exp-margin
#payValue .ui-label
#payValue .ui-btn .btn
#payValue .ui-btn .btn.ui-btnfeed
.ui-moudle-area .ui-fbtn
.ui-money
#payInput
#payInput .ui-label
#payInput .ui-input-box
#payInput .ui-input-box .ui-input-txt
#payInput .ui-input-box .btn
.ui-moudle-area .jlimg
.ui-moudle-area .t-pa
.t-pa .exp
.ui-moudle-area .t-pab
.item .jlsex
.ui-module-title .ui-dian
.ui-jit
.ui-jit .exb
.ui-jitab
.ui-jitab li
.ui-jitab li.on
.ui-more
.ui-module-title .title.dkicon
.ui-dkli
.ui-dkli.p-last-border
.ui-dkli a
.ui-dkli.ui-feed
.ui-input
.ui-input .ui-pwd
.ui-input .ui-height
.ui-input .ui-panel-input
.ui-input .ui-close
.ui-jhbtn
.ui-jhbtn a
.ui-jhbtn a.ui-disable
.ui-jhbtn a.ui-feed
.ui-jhbtn a.splitPage
.ui-pwd
.ui-pwd .edpwd
.ui-pwd .edpwd.li-last-border
.ui-pwd .edpwd .pwd-input
.ui-pwdbtn
.ui-mg
.ui-qu
.ui-num
.ui-num .uin-input
.ui-module-title .title.yiicon
.ui-aulogin .uil-rad
.ui-aulogin .uil-rad.aubg
.ui-aulogin.login .uil-rad
.ui-aulow
.rememberPw
.ui-pwd .ui-close
.ui-reinput .ui-close
.ui-dlA
.ui-dlist
.ui-list
.list-se
.list-se li
.list-se li.ui-feed
.ui-list.pat
.ui-list li
.ui-module-title .title.zf
.ui-reinput
.ui-reinput .ui-r
.ui-mt8
.ui-color
.ui-mt
.ui-dkli.ceedit
.ui-dkli.cecz
.ui-dkli.cenh
.ui-dkli.ceyj
.ui-dkli.ceab
.ui-dkli.bbs
.ui-dkli.vip
.ui-dkli.cexp
.ui-sucont
.ui-bg
.ui-logo
.ui-logo .logoImg
.ui-cow
.ui-cow a
.ui-aulogin .uil-rad.lobgC
.ui-aulogin.login .uil-rad.lobgC
.ui-lbtn
.ui-loqu
.ui-lblur
.ui-clpa
.ui-cow a.tx-under
#wrapper
#iscrollWrapper
.ui-mg .mg-input
.mg-pa
.mg-pa li
.mg-pa li.ui-feed
.ui-funder
.ui-feed
.ui-lbtn.ui-feed
.ui-lblur.ui-feed
.ui-pwdbtn.ui-feed
.ui-moudle-area .ui-fbtn.ui-feed
.ui-security
.pwd-color
.pm-sel
.li-sucIcon
.li-r-btn
.li-l-btn
.li-r-btn.ui-feed
.li-l-btn.ui-feed
.ui-cow a.li-l-blue
.li-pwd-r
.li-ui-pwd .li-edpwd .li-pwd-input
.li-ui-pwd .li-edpwd .li-pwd-input .li-pwd-w
.li-ui-pwd .li-edpwd .li-reg-input
.li-ui-pwd .li-edpwd .reg-panel-input
.li-ui-pwd
.li-ui-pwd.login
.li-ui-pwd .li-edpwd
.li-ui-pwd .li-edpwd.login
.li-ui-pwd .li-nopadding
.li-ui-pwd .li-edpwd .pwd-input
.li-remen
.li-ui-pwd  .ui-close
.li-l-mBt15
.li-l-listBg
.ui-pwd .edpwd .lpwd-input
.li-l-listPadding
.panel-name
.panel-input-top
.history-panel-input
.login-panel-input
.noticeError
.noticeOk
.a-link
#cardPayWayList :last-child
.li-unbing-r
.ui-mt15
.ui-aulogin .ui-feed
.panel-ucname
.li-ui-pwd-margin
.ui-moudle-area .ui-rebtn
.ui-moudle-area .ui-rebtn.ui-feed
.ps-fb
.ui-ofh
.li-ui-noShadow
.bg-border-color
.btn-border-color
.li-ui-pwd a
.bg-orn
.bg-orn.ui-feed
.li-ui-pwd .bg-orn
.li-ui-pwd .bg-orn.ui-feed
.li-old
.forgetPass
.ui-morelist .ui-feed
select option
.ui-select
.orn
a.orn
.gray
.g5
.g9
.g9i
.fz12
.word
.safe
.s_word
.p_word
.note_par
.in_par_ex
.note_par_ex
.in_par_60
.in_par_30
.input
.note
.bindInput
a.lo_btn
.btn_width
.lo_btn.ui-feed
.lo_btn.ui-disabled
.or_way
.b_wor
.bw_name
.note_div
.note_btn
.note_btn a
.note_btn .gr
.on_bg
.on_bg_ex
.on_box
.on_box_ex
.on_title
.on_ico
.on_info
.on_btn
.on_btn_ex
.Ainput
.tagHead
.tag
.tag li
.tag li.on
.tag li.on a
.t_btn
.state li
.noO
.n_logo
.n_con
.n_title
.n_btnW
.login_btn
.n_bbs
.n_feed
.lo_par
.reGainBtn
.clickAble
.fc
.li-pop-box
.li-pop-t
.li-pop-btn
.f14
.f16
.f17
.f18
.wrap
.noWrap
.arrow
.globle
.btn_dark
.btn_xl
.input_box
.point
.point_n
.newLoginBody
.newLoginBody a
.black
.ltgray
.white
.org
.bg_black
.bg_white
.bg_grey
.mTab .on
.mTab .logo
.mTab .btnBox
.mTab .btnBox .btn
.botLogo .label
.loginInputForm
.infoWrap .infoMes a
.botLogo
.botLogo img
.botLogo span
#fixBox_a
.infoWrap #fixBox_a
.popWrap .popBox .title
.popWrap .popBox .content
.popWrap .popBox .input_box
.popWrap .popBox .btn
.popWrap .popBox .btn_new
.popWrap .popBox .btn_whi
.popWrap .popBox .mes
.popWrap .popBox .info
.sel-margin
.sel-pass-input
.ig_aro
.agree
.agree .checkbox
.agree .checkbox.cbbg
.on_bg.boxMask
.part01_safe
.zh_list
.zh_list .ac-item
.zh_list .em_arrow
.zh_list .ac-item strong
.zh_list .ac-item strong em
.btl_whi
.u_ico
.userInfo
.userInfo > .ico
.userInfo > .content
.userInfo > .content p
.userInfo > .content .title
.userInfo > .content .icon_sm
.userInfo > .content .input_text_uc
.userInfo > .content .btn_uc
.userInfo_s
.userInfo_s .ico
.userInfo_s .content .account
.userInfo_s .che_icon
.userInfo_s .plr5
.mt5
#userInfoVip
.usrCtrl
.usrCtrl > .btn_uc
.usrCtrl > .btn_uc > span
.usrCtrl > .btn_uc .icon_uc
.usrCtrl > .btn_uc .arrow_uc
.usrCtrl > .btn_uc .oth
.usrCtrl_sg > .btn_uc
.ico
.ico img
.icon_sm
.icon_bt
.icon_st
.edit_icon
.lev_icon
.vip_icon
.edp_icon
.safe_icon
.not_icon
.ud_icon
.pas_icon
.aco_icon
.mes_icon
.bbs_icon
.str_icon
.help_icon
.on > .icon_bt
.che_icon
.del_icon
.pag_red
.pag_green
.arrow_uc
.icon_uc
.btn_uc
.input_text_uc
.hide
.member_icon
.mInfoplay
.mInfoplay .ico
.mInfoplay .content
.mInfoplay .content .title
.mInfoplay p
.btCr
.btCr p
.btCr_o
.back_btn
.inputForm_chg .ipfBox
.inputForm_chg .input_text
.somber_chg
.inputForm_chg
.inputForm_chg .gray
.inputForm_chg .input_text input
.raddius
.pag_blue
.mTab strong
.box01_active
.box01_active .tip
.box01_active .btn
.active_tab
.active_tab td
.active_tab td.t1
.active_tab td.t2
.active_tab .text
.s_down
.text_down
.arrow_down
.arrow_down_chi
.arrow_down i
.p_rule
.p_rule a
.box02_active
.box02_active p a:link
.box02_active p em
.box02_active p
.pop_active
.popBar
.pop_active p
.pop_active .btn
.mid01_pop
.mTab .btnBox_r
.box01_active_l .active_tab .t2
.box01_active_l .btn
== Error
#cardPayWayList :last-child
#cardPayWayList :last-child
#cardPayWayList :last-child
#cardPayWayList :last-child
#cardPayWayList :last-child
#cardPayWayList :last-child
#cardPayWayList :last-child
#cardPayWayList :last-child
#cardPayWayList :last-child
#cardPayWayList :last-child
#cardPayWayList :last-child
#cardPayWayList :last-child
#cardPayWayList :last-child
#cardPayWayList :last-child
#cardPayWayList :last-child
#cardPayWayList :last-child
#cardPayWayList :last-child
#cardPayWayList :last-child
#cardPayWayList :last-child
#cardPayWayList :last-child
#cardPayWayList :last-child
#cardPayWayList :last-child
#cardPayWayList :last-child
#cardPayWayList :last-child
#cardPayWayList :last-child
#cardPayWayList :last-child
#cardPayWayList :last-child
#cardPayWayList :last-child
#cardPayWayList :last-child
#cardPayWayList :last-child
#cardPayWayList :last-child
#cardPayWayList :last-child
#cardPayWayList :last-child
#cardPayWayList :last-child
#cardPayWayList :last-child
#cardPayWayList :last-child
#cardPayWayList :last-child
#cardPayWayList :last-child
#cardPayWayList :last-child
#cardPayWayList :last-child
#cardPayWayList :last-child
#cardPayWayList :last-child
#cardPayWayList :last-child
#cardPayWayList :last-child
#cardPayWayList :last-child
#cardPayWayList :last-child
#cardPayWayList :last-child
#cardPayWayList :last-child
#cardPayWayList :last-child
#cardPayWayList :last-child
#cardPayWayList :last-child
#cardPayWayList :last-child
#cardPayWayList :last-child
#cardPayWayList :last-child
#cardPayWayList :last-child
#cardPayWayList :last-child
#cardPayWayList :last-child
#cardPayWayList :last-child
#cardPayWayList :last-child
#cardPayWayList :last-child
#cardPayWayList :last-child
#cardPayWayList :last-child
#cardPayWayList :last-child
#cardPayWayList :last-child
#cardPayWayList :last-child
#cardPayWayList :last-child
#cardPayWayList :last-child
#cardPayWayList :last-child
